2024-09-30 11:00:45 : Moved /mnt/c/Users/beckett.mcfarland/.nb/TODOS/organize_notes.log to /mnt/c/Users/beckett.mcfarland/.nb/TODOS/organize_notes_20240930110045.log
2024-09-30 11:00:45 : Appended '#Personal' to /mnt/c/Users/beckett.mcfarland/.nb/TODOS/Personal/.index
2024-09-30 11:00:45 : Moved /mnt/c/Users/beckett.mcfarland/.nb/TODOS/Personal/.index to /mnt/c/Users/beckett.mcfarland/.nb/TODOS/.index
2024-09-30 11:00:45 : Appended '#4MF' to /mnt/c/Users/beckett.mcfarland/.nb/TODOS/Personal/4MF/.index
2024-09-30 11:00:45 : File name conflict for .index. Renaming to _20240930110045.index
2024-09-30 11:00:45 : Moved /mnt/c/Users/beckett.mcfarland/.nb/TODOS/Personal/4MF/.index to /mnt/c/Users/beckett.mcfarland/.nb/TODOS/_20240930110045.index
2024-09-30 11:00:45 : Appended '#4MF' to /mnt/c/Users/beckett.mcfarland/.nb/TODOS/Personal/4MF/20240914222236.todo.md
2024-09-30 11:00:45 : Moved /mnt/c/Users/beckett.mcfarland/.nb/TODOS/Personal/4MF/20240914222236.todo.md to /mnt/c/Users/beckett.mcfarland/.nb/TODOS/20240914222236.todo.md
2024-09-30 11:00:45 : Appended '#Beckett' to /mnt/c/Users/beckett.mcfarland/.nb/TODOS/Personal/Beckett/.index
2024-09-30 11:00:45 : File name conflict for .index. Renaming to _20240930110045.index
2024-09-30 11:00:45 : Moved /mnt/c/Users/beckett.mcfarland/.nb/TODOS/Personal/Beckett/.index to /mnt/c/Users/beckett.mcfarland/.nb/TODOS/_20240930110045.index
2024-09-30 11:00:45 : Appended '#Beckett' to /mnt/c/Users/beckett.mcfarland/.nb/TODOS/Personal/Beckett/20240911121106.todo.md
2024-09-30 11:00:45 : Moved /mnt/c/Users/beckett.mcfarland/.nb/TODOS/Personal/Beckett/20240911121106.todo.md to /mnt/c/Users/beckett.mcfarland/.nb/TODOS/20240911121106.todo.md
2024-09-30 11:00:45 : Appended '#Beckett' to /mnt/c/Users/beckett.mcfarland/.nb/TODOS/Personal/Beckett/20240911121148.todo.md
2024-09-30 11:00:45 : Moved /mnt/c/Users/beckett.mcfarland/.nb/TODOS/Personal/Beckett/20240911121148.todo.md to /mnt/c/Users/beckett.mcfarland/.nb/TODOS/20240911121148.todo.md
2024-09-30 11:00:45 : Appended '#Car' to /mnt/c/Users/beckett.mcfarland/.nb/TODOS/Personal/Car/.index
2024-09-30 11:00:45 : File name conflict for .index. Renaming to _20240930110045.index
2024-09-30 11:00:45 : Moved /mnt/c/Users/beckett.mcfarland/.nb/TODOS/Personal/Car/.index to /mnt/c/Users/beckett.mcfarland/.nb/TODOS/_20240930110045.index
2024-09-30 11:00:45 : Appended '#Computer' to /mnt/c/Users/beckett.mcfarland/.nb/TODOS/Personal/Computer/.index
2024-09-30 11:00:45 : File name conflict for .index. Renaming to _20240930110045.index
2024-09-30 11:00:45 : Moved /mnt/c/Users/beckett.mcfarland/.nb/TODOS/Personal/Computer/.index to /mnt/c/Users/beckett.mcfarland/.nb/TODOS/_20240930110045.index
2024-09-30 11:00:45 : Appended '#Computer' to /mnt/c/Users/beckett.mcfarland/.nb/TODOS/Personal/Computer/20240912205601.todo.md
2024-09-30 11:00:45 : Moved /mnt/c/Users/beckett.mcfarland/.nb/TODOS/Personal/Computer/20240912205601.todo.md to /mnt/c/Users/beckett.mcfarland/.nb/TODOS/20240912205601.todo.md
2024-09-30 11:00:45 : Appended '#Computer' to /mnt/c/Users/beckett.mcfarland/.nb/TODOS/Personal/Computer/20240912210113.todo.md
2024-09-30 11:00:45 : Moved /mnt/c/Users/beckett.mcfarland/.nb/TODOS/Personal/Computer/20240912210113.todo.md to /mnt/c/Users/beckett.mcfarland/.nb/TODOS/20240912210113.todo.md
2024-09-30 11:00:45 : Appended '#Computer' to /mnt/c/Users/beckett.mcfarland/.nb/TODOS/Personal/Computer/20240914222126.todo.md
2024-09-30 11:00:45 : Moved /mnt/c/Users/beckett.mcfarland/.nb/TODOS/Personal/Computer/20240914222126.todo.md to /mnt/c/Users/beckett.mcfarland/.nb/TODOS/20240914222126.todo.md
2024-09-30 11:00:45 : Appended '#Computer' to /mnt/c/Users/beckett.mcfarland/.nb/TODOS/Personal/Computer/20240921143844.todo.md
2024-09-30 11:00:45 : Moved /mnt/c/Users/beckett.mcfarland/.nb/TODOS/Personal/Computer/20240921143844.todo.md to /mnt/c/Users/beckett.mcfarland/.nb/TODOS/20240921143844.todo.md
2024-09-30 11:00:45 : Appended '#Computer' to /mnt/c/Users/beckett.mcfarland/.nb/TODOS/Personal/Computer/Computer.todo.md
2024-09-30 11:00:45 : Moved /mnt/c/Users/beckett.mcfarland/.nb/TODOS/Personal/Computer/Computer.todo.md to /mnt/c/Users/beckett.mcfarland/.nb/TODOS/Computer.todo.md
2024-09-30 11:00:45 : Appended '#Funny' to /mnt/c/Users/beckett.mcfarland/.nb/TODOS/Personal/Funny/.index
2024-09-30 11:00:45 : File name conflict for .index. Renaming to _20240930110045.index
2024-09-30 11:00:45 : Moved /mnt/c/Users/beckett.mcfarland/.nb/TODOS/Personal/Funny/.index to /mnt/c/Users/beckett.mcfarland/.nb/TODOS/_20240930110045.index
2024-09-30 11:00:45 : Appended '#Funny' to /mnt/c/Users/beckett.mcfarland/.nb/TODOS/Personal/Funny/20240908164208.todo.md
2024-09-30 11:00:45 : Moved /mnt/c/Users/beckett.mcfarland/.nb/TODOS/Personal/Funny/20240908164208.todo.md to /mnt/c/Users/beckett.mcfarland/.nb/TODOS/20240908164208.todo.md
2024-09-30 11:00:45 : Appended '#Home' to /mnt/c/Users/beckett.mcfarland/.nb/TODOS/Personal/Home/.index
2024-09-30 11:00:45 : File name conflict for .index. Renaming to _20240930110045.index
2024-09-30 11:00:45 : Moved /mnt/c/Users/beckett.mcfarland/.nb/TODOS/Personal/Home/.index to /mnt/c/Users/beckett.mcfarland/.nb/TODOS/_20240930110045.index
2024-09-30 11:00:45 : Appended '#Home' to /mnt/c/Users/beckett.mcfarland/.nb/TODOS/Personal/Home/20240921174149.todo.md
2024-09-30 11:00:45 : Moved /mnt/c/Users/beckett.mcfarland/.nb/TODOS/Personal/Home/20240921174149.todo.md to /mnt/c/Users/beckett.mcfarland/.nb/TODOS/20240921174149.todo.md
2024-09-30 11:00:45 : Appended '#House' to /mnt/c/Users/beckett.mcfarland/.nb/TODOS/Personal/House/.index
2024-09-30 11:00:45 : File name conflict for .index. Renaming to _20240930110045.index
2024-09-30 11:00:45 : Moved /mnt/c/Users/beckett.mcfarland/.nb/TODOS/Personal/House/.index to /mnt/c/Users/beckett.mcfarland/.nb/TODOS/_20240930110045.index
2024-09-30 11:00:45 : Appended '#Work' to /mnt/c/Users/beckett.mcfarland/.nb/TODOS/Work/.index
2024-09-30 11:00:45 : File name conflict for .index. Renaming to _20240930110045.index
2024-09-30 11:00:45 : Moved /mnt/c/Users/beckett.mcfarland/.nb/TODOS/Work/.index to /mnt/c/Users/beckett.mcfarland/.nb/TODOS/_20240930110045.index
2024-09-30 11:00:45 : Appended '#Work' to /mnt/c/Users/beckett.mcfarland/.nb/TODOS/Work/GPT_Response.md
2024-09-30 11:00:45 : Moved /mnt/c/Users/beckett.mcfarland/.nb/TODOS/Work/GPT_Response.md to /mnt/c/Users/beckett.mcfarland/.nb/TODOS/GPT_Response.md
2024-09-30 11:00:45 : Appended '#Orientation' to /mnt/c/Users/beckett.mcfarland/.nb/TODOS/Work/Orientation/.index
2024-09-30 11:00:45 : File name conflict for .index. Renaming to _20240930110045.index
2024-09-30 11:00:45 : Moved /mnt/c/Users/beckett.mcfarland/.nb/TODOS/Work/Orientation/.index to /mnt/c/Users/beckett.mcfarland/.nb/TODOS/_20240930110045.index
2024-09-30 11:00:45 : Appended '#Orientation' to /mnt/c/Users/beckett.mcfarland/.nb/TODOS/Work/Orientation/11.todo.md
2024-09-30 11:00:45 : Moved /mnt/c/Users/beckett.mcfarland/.nb/TODOS/Work/Orientation/11.todo.md to /mnt/c/Users/beckett.mcfarland/.nb/TODOS/11.todo.md
2024-09-30 11:00:46 : Appended '#Orientation' to /mnt/c/Users/beckett.mcfarland/.nb/TODOS/Work/Orientation/20240909122434.todo.md
2024-09-30 11:00:46 : Moved /mnt/c/Users/beckett.mcfarland/.nb/TODOS/Work/Orientation/20240909122434.todo.md to /mnt/c/Users/beckett.mcfarland/.nb/TODOS/20240909122434.todo.md
2024-09-30 11:00:46 : Appended '#Orientation' to /mnt/c/Users/beckett.mcfarland/.nb/TODOS/Work/Orientation/20240909122502.todo.md
2024-09-30 11:00:46 : Moved /mnt/c/Users/beckett.mcfarland/.nb/TODOS/Work/Orientation/20240909122502.todo.md to /mnt/c/Users/beckett.mcfarland/.nb/TODOS/20240909122502.todo.md
2024-09-30 11:00:46 : Appended '#Spare_Time' to /mnt/c/Users/beckett.mcfarland/.nb/TODOS/Work/Spare_Time/.index
2024-09-30 11:00:46 : File name conflict for .index. Renaming to _20240930110046.index
2024-09-30 11:00:46 : Moved /mnt/c/Users/beckett.mcfarland/.nb/TODOS/Work/Spare_Time/.index to /mnt/c/Users/beckett.mcfarland/.nb/TODOS/_20240930110046.index
2024-09-30 11:00:46 : Appended '#Spare_Time' to /mnt/c/Users/beckett.mcfarland/.nb/TODOS/Work/Spare_Time/20240917143812.todo.md
2024-09-30 11:00:46 : Moved /mnt/c/Users/beckett.mcfarland/.nb/TODOS/Work/Spare_Time/20240917143812.todo.md to /mnt/c/Users/beckett.mcfarland/.nb/TODOS/20240917143812.todo.md
2024-09-30 11:00:46 : Appended '#Spare_Time' to /mnt/c/Users/beckett.mcfarland/.nb/TODOS/Work/Spare_Time/20240917143835.todo.md
2024-09-30 11:00:46 : Moved /mnt/c/Users/beckett.mcfarland/.nb/TODOS/Work/Spare_Time/20240917143835.todo.md to /mnt/c/Users/beckett.mcfarland/.nb/TODOS/20240917143835.todo.md
2024-09-30 11:00:46 : Appended '#Spare_Time' to /mnt/c/Users/beckett.mcfarland/.nb/TODOS/Work/Spare_Time/20240917144055.todo.md
2024-09-30 11:00:46 : Moved /mnt/c/Users/beckett.mcfarland/.nb/TODOS/Work/Spare_Time/20240917144055.todo.md to /mnt/c/Users/beckett.mcfarland/.nb/TODOS/20240917144055.todo.md
2024-09-30 11:00:46 : Appended '#Spare_Time' to /mnt/c/Users/beckett.mcfarland/.nb/TODOS/Work/Spare_Time/20240917151642.todo.md
2024-09-30 11:00:46 : Moved /mnt/c/Users/beckett.mcfarland/.nb/TODOS/Work/Spare_Time/20240917151642.todo.md to /mnt/c/Users/beckett.mcfarland/.nb/TODOS/20240917151642.todo.md
2024-09-30 11:00:46 : Appended '#Tickets' to /mnt/c/Users/beckett.mcfarland/.nb/TODOS/Work/Tickets/.index
2024-09-30 11:00:46 : File name conflict for .index. Renaming to _20240930110046.index
2024-09-30 11:00:46 : Moved /mnt/c/Users/beckett.mcfarland/.nb/TODOS/Work/Tickets/.index to /mnt/c/Users/beckett.mcfarland/.nb/TODOS/_20240930110046.index
2024-09-30 11:00:46 : Appended '#New_Hires' to /mnt/c/Users/beckett.mcfarland/.nb/TODOS/Work/Tickets/New_Hires/.index
2024-09-30 11:00:46 : File name conflict for .index. Renaming to _20240930110046.index
2024-09-30 11:00:46 : Moved /mnt/c/Users/beckett.mcfarland/.nb/TODOS/Work/Tickets/New_Hires/.index to /mnt/c/Users/beckett.mcfarland/.nb/TODOS/_20240930110046.index
2024-09-30 11:00:46 : Appended '#New_Hires' to /mnt/c/Users/beckett.mcfarland/.nb/TODOS/Work/Tickets/New_Hires/20240917153351.bookmark.md
2024-09-30 11:00:46 : Moved /mnt/c/Users/beckett.mcfarland/.nb/TODOS/Work/Tickets/New_Hires/20240917153351.bookmark.md to /mnt/c/Users/beckett.mcfarland/.nb/TODOS/20240917153351.bookmark.md
2024-09-30 11:00:46 : Appended '#New_Hires' to /mnt/c/Users/beckett.mcfarland/.nb/TODOS/Work/Tickets/New_Hires/20240917153713.bookmark.md
2024-09-30 11:00:46 : Moved /mnt/c/Users/beckett.mcfarland/.nb/TODOS/Work/Tickets/New_Hires/20240917153713.bookmark.md to /mnt/c/Users/beckett.mcfarland/.nb/TODOS/20240917153713.bookmark.md
2024-09-30 11:00:46 : Appended '#New_Hires' to /mnt/c/Users/beckett.mcfarland/.nb/TODOS/Work/Tickets/New_Hires/20240917153747.bookmark.md
2024-09-30 11:00:46 : Moved /mnt/c/Users/beckett.mcfarland/.nb/TODOS/Work/Tickets/New_Hires/20240917153747.bookmark.md to /mnt/c/Users/beckett.mcfarland/.nb/TODOS/20240917153747.bookmark.md
2024-09-30 11:00:46 : All notes have been processed and moved to the root directory.
